<?xml version="1.0" encoding="UTF-8"?>
<!-- Generated by org.testng.reporters.JUnitReportReporter -->
<testsuite hostname="LAPTOP-N31QDAES" failures="0" tests="1" name="com.ust.makemytrip.MakeMyTrip" time="124.215" errors="0" timestamp="2020-10-09T04:35:59 PDT" skipped="0">
  <testcase classname="com.ust.makemytrip.MakeMyTrip" name="hotelBooking" time="124.215"/>
  <system-out/>
</testsuite> <!-- com.ust.makemytrip.MakeMyTrip -->
